(---------------------------------------------------------------------)
(                                                                     )
(    QUICKPLACE LOG                                                   )
(                                                                     )
(    Drawing          : dl-wkv0101.brd                                )
(    Software Version : 16.5P003                                      )
(    Date/Time        : Mon Dec 05 19:00:04 2016                      )
(                                                                     )
(---------------------------------------------------------------------)


State: Placing on layer TOP

         Placed symbol:  U1 / STM32F103R8T6/LQFP64_LQFP50P120 / LQFP50P1200X1200X160-64 at (6.5532 96.5532)
         Placed symbol:  LCD4 / LCD_TFT_2R4_TFT_2R4_0R5X50_LCD_ / TFT_2R4_0R5X50 at (28.5064 95.7032)
         Placed symbol:  J4 / HEADER 10X2_SH254P-10X2_SWD / SH254P-10X2 at (70.2732 84.1268)
         Placed symbol:  U2 / XPT2046_TSSOP16_XPT2046 / TSSOP16 at (46.6096 94.2032)
         Placed symbol:  J3 / HEADER 5X2_HD254P-5X2_HEADER 5X / HD254P-5X2 at (50.5828 91.4732)
         Placed symbol:  U3 / W25Q128FV_VSOP8_W25Q128FV / VSOP8 at (67.8432 76.2086)
         Placed symbol:  U6 / NUP2202W1_SOT363_NUP2202W1 / SOT363 at (63.2160 91.4032)
         Placed symbol:  U5 / TP4054_SOT23-5_TP4054 / SOT23-5 at (66.6532 69.5104)
         Placed symbol:  U7 / RT9013-SOT23-5_SOT23-5_RT9013-S / SOT23-5 at (66.6532 65.4422)
         Placed symbol:  U4 / USB-CONNECTER_MINIUSB_USB-CONNE / MINIUSB at (70.7532 62.2190)
         Placed symbol:  SW2 / SW PUSHBUTTON-DPST_SW12X12X8R5_ / SW12X12X8R5 at (72.9532 47.3658)
         Placed symbol:  J1 / CON4_HD254P-4X1_MCU_DEBUG / HD254P-4X1 at (66.4732 39.8926)
         Placed symbol:  Q3 / 1R1001_SOT23_S8050 / SOT23 at (65.7032 35.5044)
         Placed symbol:  Q6 / 1R1001_SOT23_S8050 / SOT23 at (65.7032 31.7512)
         Placed symbol:  J2 / CON3_HD254P-3X1_MCU_UART / HD254P-3X1 at (66.4732 29.6430)
         Placed symbol:  Q4 / MOSFET P GSD_SOT23_SI2301 / SOT23 at (65.7032 25.2548)
         Placed symbol:  Q1 / 1R1001_SOT23_S8050 / SOT23 at (65.7032 21.5016)
         Placed symbol:  C18 / CAP NP_CAPC0603_1UF/CAPC0603 / CAPC0603 at (66.2032 20.2509)
         Placed symbol:  C17 / CAP NP_CAPC0603_1UF/CAPC0603 / CAPC0603 at (66.2032 19.1188)
         Placed symbol:  C8 / CAP NP_CAPC0603_1UF/CAPC0603 / CAPC0603 at (66.2032 17.9867)
         Placed symbol:  C9 / CAP NP_CAPC0603_1UF/CAPC0603 / CAPC0603 at (66.2032 16.8546)
         Placed symbol:  D1 / DIODE_DO-214AC_SS34 / DO-214AC at (66.5532 14.8050)
         Placed symbol:  C24 / CAP NP_CAPC0805_10UF/CAPC0805 / CAPC0805 at (66.4732 12.6368)
         Placed symbol:  D7 / DIODE_DO-214AC_SS34 / DO-214AC at (66.5532 10.4686)
         Placed symbol:  D2 / LED_LEDM0603_LED / LEDM0603 at (66.2700 8.4274)
         Placed symbol:  D6 / DIODE_DO-214AC_SS34 / DO-214AC at (66.5532 6.3270)
         Placed symbol:  D3 / DIODE_DO-214AC_SS34 / DO-214AC at (66.5532 3.4638)
         Placed symbol:  D8 / DIODE TVS BI-DIR_SOD523_ESD5Z6_ / SOD523 at (66.1082 1.5242)
         Placed symbol:  F1 / FUSE_FUSE1206_500MA / FUSE1206 at (0.7032 104.0564)
         Placed symbol:  C16 / CAP NP_CAPC0603_1UF/CAPC0603 / CAPC0603 at (5.4064 103.6228)
         Placed symbol:  D4 / LED_LEDM0603_GREEN / LEDM0603 at (7.6764 103.6736)
         Placed symbol:  C4 / CAP NP_CAPC0603_100NF/CAPC0603 / CAPC0603 at (9.8796 103.6228)
         Placed symbol:  C23 / CAP NP_CAPC0603_100NF/CAPC0603 / CAPC0603 at (12.0828 103.6228)
         Placed symbol:  J5 / CON2_HD254P-2X1_4_2V/LI BATTERY / HD254P-2X1 at (14.5560 104.3764)
         Placed symbol:  C22 / CAP NP_CAPC0603_100NF/CAPC0603 / CAPC0603 at (19.5692 103.6228)
         Placed symbol:  LS1 / SPEAKER_SPEAKER12X9R5_SPEAKER / SPEAKER12X9R5 at (26.7724 109.1064)
         Placed symbol:  D5 / LED_LEDM0603_RED / LEDM0603 at (34.0424 103.6736)
         Placed symbol:  C2 / CAP NP_CAPC0603_100NF/CAPC0603 / CAPC0603 at (36.2456 103.6228)
         Placed symbol:  C19 / CAP NP_CAPC0603_100NF/CAPC0603 / CAPC0603 at (38.4488 103.6228)
         Placed symbol:  C7 / CAP NP_CAPC0603_100NF/CAPC0603 / CAPC0603 at (40.6520 103.6228)
         Placed symbol:  R1 / R2_RESC0603_1K/RESC0603 / RESC0603 at (42.8552 103.6228)
         Placed symbol:  R30 / R2_RESC0603_1K/RESC0603 / RESC0603 at (45.0584 103.6228)
         Placed symbol:  R10 / R2_RESC0603_0R/RESC0603 / RESC0603 at (47.2616 103.6228)
         Placed symbol:  R14 / R2_RESC0603_0R/RESC0603 / RESC0603 at (49.4648 103.6228)
         Placed symbol:  R11 / R2_RESC0603_0R/RESC0603/NC / RESC0603 at (51.6680 103.6228)
         Placed symbol:  R12 / R2_RESC0603_10K/RESC0603 / RESC0603 at (53.8712 103.6228)
         Placed symbol:  R13 / R2_RESC0603_10K/RESC0603 / RESC0603 at (56.0744 103.6228)
         Placed symbol:  R17 / R2_RESC0603_10K/RESC0603 / RESC0603 at (58.2776 103.6228)
         Placed symbol:  R31 / R2_RESC0603_10K/RESC0603 / RESC0603 at (60.4808 103.6228)
         Placed symbol:  R5 / R2_RESC0603_10K/RESC0603 / RESC0603 at (62.6840 103.6228)
         Placed symbol:  R6 / R2_RESC0603_10K/RESC0603 / RESC0603 at (99.4064 89.3843)
         Placed symbol:  R7 / R2_RESC0603_10K/RESC0603 / RESC0603 at (99.4064 88.2522)
         Placed symbol:  R9 / R2_RESC0603_10K/RESC0603 / RESC0603 at (99.4064 87.1201)
         Placed symbol:  R15 / R2_RESC0603_680R/RESC0603 / RESC0603 at (99.4064 85.9880)
         Placed symbol:  R16 / R2_RESC0603_1K5/RESC0603 / RESC0603 at (99.4064 84.8559)
         Placed symbol:  R18 / R2_RESC0603_33R/RESC0603 / RESC0603 at (99.4064 83.7238)
         Placed symbol:  R19 / R2_RESC0603_33R/RESC0603 / RESC0603 at (99.4064 82.5917)
         Placed symbol:  R20 / R2_RESC0603_68K/RESC0603 / RESC0603 at (99.4064 81.4596)
         Placed symbol:  R21 / R2_RESC0603_50K/RESC0603/1% / RESC0603 at (99.4064 80.3275)
         Placed symbol:  R22 / R2_RESC0603_50K/RESC0603/1% / RESC0603 at (99.4064 79.1954)
         Placed symbol:  R26 / R2_RESC0603_50K/RESC0603/1% / RESC0603 at (99.4064 78.0633)
         Placed symbol:  R23 / R2_RESC0603_100R/RESC0603 / RESC0603 at (99.4064 76.9312)
         Placed symbol:  R24 / R2_RESC0603_1_66K/RESC0603/1% / RESC0603 at (99.4064 75.7991)
         Placed symbol:  R25 / R2_RESC0603_51K/RESC0603 / RESC0603 at (99.4064 74.6670)
         Placed symbol:  R4 / R2_RESC0603_30R/RESC0603 / RESC0603 at (99.4064 73.5349)
         Placed symbol:  R8 / R2_RESC0603_510R/RESC0603 / RESC0603 at (99.4064 72.4028)
         Placed symbol:  SW1 / SW PUSHBUTTON-SPST/SM_SW_SW RST / SW at (99.6314 70.1832)
         Placed symbol:  C15 / CAP NP_CAPC0603_100NF/CAPC0603 / CAPC0603 at (99.4064 68.0675)
         Placed symbol:  C14 / CAP NP_CAPC0603_100NF/CAPC0603 / CAPC0603 at (99.4064 66.9354)
         Placed symbol:  C13 / CAP NP_CAPC0603_100NF/CAPC0603 / CAPC0603 at (99.4064 65.8033)
         Placed symbol:  C12 / CAP NP_CAPC0603_100NF/CAPC0603 / CAPC0603 at (99.4064 64.6712)
         Placed symbol:  C11 / CAP NP_CAPC0603_100NF/CAPC0603 / CAPC0603 at (99.4064 63.5391)
         Placed symbol:  C10 / CAP NP_CAPC0603_100NF/CAPC0603 / CAPC0603 at (99.4064 62.4070)
         Placed symbol:  C3 / CAP NP_CAPC0603_30PF/CAPC0603 / CAPC0603 at (99.4064 61.2749)
         Placed symbol:  C1 / CAP NP_CAPC0603_30PF/CAPC0603 / CAPC0603 at (99.4064 60.1428)
         Placed symbol:  Y1 / ZTA_XTAL-HC49S_8M / XTAL-HC49S at (103.1714 57.0982)


Placed 76 of 76 applicable (76 total) symbols.

-----------------------------------------------------------------------

